{"last_updated": "2014-09-18 04:00:02.687845", "results": [{"group": "Android", "test_results": [{"skipped": {}, "all_passed": true, "environments": ["dev", "prod", "stage"], "path_to_result": "tests.mobile.test_reviews/TestReviews/test_that_after_viewing_reviews_clicking_back_goes_to_app_page/", "failed": [], "passed": ["marketplace.dev.mobile.saucelabs", "marketplace.prod.mobile.saucelabs", "marketplace.stage.mobile.saucelabs"], "test_name": "test_that_after_viewing_reviews_clicking_back_goes_to_app_page"}, {"skipped": {}, "all_passed": true, "environments": ["dev", "prod", "stage"], "path_to_result": "tests.mobile.test_search/TestSearch/test_that_searching_with_empty_field_returns_results/", "failed": [], "passed": ["marketplace.dev.mobile.saucelabs", "marketplace.prod.mobile.saucelabs", "marketplace.stage.mobile.saucelabs"], "test_name": "test_that_searching_with_empty_field_returns_results"}, {"skipped": {"jobs": ["marketplace.dev.mobile.saucelabs", "marketplace.stage.mobile.saucelabs"], "result": "skipped", "detail": "expected test failure: Issue 500 Login tests currently don't work on Saucelabs"}, "all_passed": true, "environments": ["dev", "stage"], "path_to_result": "tests.mobile.test_reviews/TestReviews/test_that_checks_the_addition_of_a_review/", "failed": [], "passed": [], "test_name": "test_that_checks_the_addition_of_a_review"}, {"skipped": {}, "all_passed": true, "environments": ["dev", "prod", "stage"], "path_to_result": "tests.mobile.test_home_page/TestHomepage/test_that_verifies_categories_menu/", "failed": [], "passed": ["marketplace.dev.mobile.saucelabs", "marketplace.prod.mobile.saucelabs", "marketplace.stage.mobile.saucelabs"], "test_name": "test_that_verifies_categories_menu"}, {"skipped": {"jobs": ["marketplace.dev.mobile.saucelabs", "marketplace.stage.mobile.saucelabs"], "result": "skipped", "detail": "expected test failure: Issue 500 Login tests currently don't work on Saucelabs"}, "all_passed": true, "environments": ["dev", "stage"], "path_to_result": "tests.mobile.test_reviews/TestReviews/test_that_after_writing_a_review_clicking_back_goes_to_app_page/", "failed": [], "passed": [], "test_name": "test_that_after_writing_a_review_clicking_back_goes_to_app_page"}, {"skipped": {}, "all_passed": true, "environments": ["dev", "prod", "stage"], "path_to_result": "tests.mobile.test_search/TestSearch/test_that_searching_returns_results/", "failed": [], "passed": ["marketplace.dev.mobile.saucelabs", "marketplace.prod.mobile.saucelabs", "marketplace.stage.mobile.saucelabs"], "test_name": "test_that_searching_returns_results"}, {"skipped": {}, "all_passed": true, "environments": ["dev", "prod", "stage"], "path_to_result": "tests.mobile.test_details_page/TestDetails/test_details_page_for_an_app/", "failed": [], "passed": ["marketplace.dev.mobile.saucelabs", "marketplace.prod.mobile.saucelabs", "marketplace.stage.mobile.saucelabs"], "test_name": "test_details_page_for_an_app"}, {"skipped": {"jobs": ["marketplace.dev.mobile.saucelabs", "marketplace.prod.mobile.saucelabs", "marketplace.stage.mobile.saucelabs"], "result": "skipped", "detail": "expected test failure: Issue 500 Login tests currently don't work on Saucelabs"}, "all_passed": true, "environments": ["dev", "prod", "stage"], "path_to_result": "tests.mobile.test_users_account/TestAccounts/test_user_can_login_and_logout/", "failed": [], "passed": [], "test_name": "test_user_can_login_and_logout"}, {"skipped": {"jobs": ["marketplace.dev.mobile.saucelabs", "marketplace.prod.mobile.saucelabs", "marketplace.stage.mobile.saucelabs"], "result": "skipped", "detail": "expected test failure: Issue 500 Login tests currently don't work on Saucelabs"}, "all_passed": true, "environments": ["dev", "prod", "stage"], "path_to_result": "tests.mobile.test_users_account/TestAccounts/test_user_can_go_back_from_settings_page/", "failed": [], "passed": [], "test_name": "test_user_can_go_back_from_settings_page"}, {"skipped": {}, "all_passed": true, "environments": ["dev", "prod", "stage"], "path_to_result": "tests.mobile.test_search/TestSearch/test_searching_with_no_matching_results/", "failed": [], "passed": ["marketplace.dev.mobile.saucelabs", "marketplace.prod.mobile.saucelabs", "marketplace.stage.mobile.saucelabs"], "test_name": "test_searching_with_no_matching_results"}, {"skipped": {}, "all_passed": true, "environments": ["dev", "prod", "stage"], "path_to_result": "tests.mobile.test_home_page/TestHomepage/test_switch_between_new_and_popular_tab/", "failed": [], "passed": ["marketplace.dev.mobile.saucelabs", "marketplace.prod.mobile.saucelabs", "marketplace.stage.mobile.saucelabs"], "test_name": "test_switch_between_new_and_popular_tab"}, {"skipped": {}, "all_passed": false, "environments": ["dev", "prod", "stage"], "path_to_result": "tests.mobile.test_details_page/TestDetails/test_reviews_section/", "failed": [{"jobs": ["marketplace.dev.mobile.saucelabs"], "result": "failure", "detail": "test failure: self = <tests.mobile.test_details_page.TestDetails instance at 0x10b5d5710>\nmozwebqa = <pytest_mozwebqa.pytest_mozwebqa.TestSetup instance at 0x10b5d5a70>\n\n    @pytest.mark.nondestructive\n    def test_reviews_section(self, mozwebqa):\n        \"\"\"https://moztrap.mozilla.org/runtests/run/243/env/112/ - Verify details page for an app - Reviews section\"\"\"\n        home_page = Home(mozwebqa)\n        home_page.go_to_homepage()\n    \n        # click first app and load its Details Page\n        search_term = self._take_first_new_app_name(mozwebqa)\n        details_page = home_page.search_and_click_on_app(search_term)\n    \n        # This takes the number of reviews on the details page and based on that number it treats 3 different scenarios:\n        # when the app has reviews, when it has 1 review and when the app isn't rated.\n        if details_page.is_app_rated:\n            if details_page.reviews_count >= 2:\n                if len(details_page.reviews) == 2:\n                    for review in details_page.reviews:\n                        Assert.true(review.is_visible)\n            elif details_page.reviews_count == 1:\n                Assert.true(details_page.reviews[0].is_visible)\n        else:\n>           Assert.equal(details_page.app_not_rated_text, 'App not yet rated')\n\ntests/mobile/test_details_page.py:62: \n_ _ _ _ _ _ _ _ _ _ _ _ _ _ _ _ _ _ _ _ _ _ _ _ _ _ _ _ _ _ _ _ _ _ _ _ _ _ _ _ \n\nself = <class 'unittestzero.Assert'>, first = u'App not yet reviewed'\nsecond = 'App not yet rated', msg = None\n\n    @classmethod\n    def equal(self, first, second, msg=None):\n        \"\"\"\n            Asserts that 2 elements are the same\n    \n            :Args:\n             - First object to be tested\n             - Second object to be tested\n             - Message that will be printed if it fails\n            \"\"\"\n>       assert first == second, msg\nE       AssertionError: None\n\n.env/lib/python2.7/site-packages/unittestzero.py:55: AssertionError"}, {"jobs": ["marketplace.prod.mobile.saucelabs"], "result": "failure", "detail": "test failure: self = <tests.mobile.test_details_page.TestDetails instance at 0x10a431e60>\nmozwebqa = <pytest_mozwebqa.pytest_mozwebqa.TestSetup instance at 0x10a4316c8>\n\n    @pytest.mark.nondestructive\n    def test_reviews_section(self, mozwebqa):\n        \"\"\"https://moztrap.mozilla.org/runtests/run/243/env/112/ - Verify details page for an app - Reviews section\"\"\"\n        home_page = Home(mozwebqa)\n        home_page.go_to_homepage()\n    \n        # click first app and load its Details Page\n        search_term = self._take_first_new_app_name(mozwebqa)\n        details_page = home_page.search_and_click_on_app(search_term)\n    \n        # This takes the number of reviews on the details page and based on that number it treats 3 different scenarios:\n        # when the app has reviews, when it has 1 review and when the app isn't rated.\n        if details_page.is_app_rated:\n            if details_page.reviews_count >= 2:\n                if len(details_page.reviews) == 2:\n                    for review in details_page.reviews:\n                        Assert.true(review.is_visible)\n            elif details_page.reviews_count == 1:\n                Assert.true(details_page.reviews[0].is_visible)\n        else:\n>           Assert.equal(details_page.app_not_rated_text, 'App not yet rated')\n\ntests/mobile/test_details_page.py:62: \n_ _ _ _ _ _ _ _ _ _ _ _ _ _ _ _ _ _ _ _ _ _ _ _ _ _ _ _ _ _ _ _ _ _ _ _ _ _ _ _ \n\nself = <class 'unittestzero.Assert'>, first = u'App not yet reviewed'\nsecond = 'App not yet rated', msg = None\n\n    @classmethod\n    def equal(self, first, second, msg=None):\n        \"\"\"\n            Asserts that 2 elements are the same\n    \n            :Args:\n             - First object to be tested\n             - Second object to be tested\n             - Message that will be printed if it fails\n            \"\"\"\n>       assert first == second, msg\nE       AssertionError: None\n\n.env/lib/python2.7/site-packages/unittestzero.py:55: AssertionError"}, {"jobs": ["marketplace.stage.mobile.saucelabs"], "result": "failure", "detail": "test failure: self = <tests.mobile.test_details_page.TestDetails instance at 0x10de47050>\nmozwebqa = <pytest_mozwebqa.pytest_mozwebqa.TestSetup instance at 0x10de475a8>\n\n    @pytest.mark.nondestructive\n    def test_reviews_section(self, mozwebqa):\n        \"\"\"https://moztrap.mozilla.org/runtests/run/243/env/112/ - Verify details page for an app - Reviews section\"\"\"\n        home_page = Home(mozwebqa)\n        home_page.go_to_homepage()\n    \n        # click first app and load its Details Page\n        search_term = self._take_first_new_app_name(mozwebqa)\n        details_page = home_page.search_and_click_on_app(search_term)\n    \n        # This takes the number of reviews on the details page and based on that number it treats 3 different scenarios:\n        # when the app has reviews, when it has 1 review and when the app isn't rated.\n        if details_page.is_app_rated:\n            if details_page.reviews_count >= 2:\n                if len(details_page.reviews) == 2:\n                    for review in details_page.reviews:\n                        Assert.true(review.is_visible)\n            elif details_page.reviews_count == 1:\n                Assert.true(details_page.reviews[0].is_visible)\n        else:\n>           Assert.equal(details_page.app_not_rated_text, 'App not yet rated')\n\ntests/mobile/test_details_page.py:62: \n_ _ _ _ _ _ _ _ _ _ _ _ _ _ _ _ _ _ _ _ _ _ _ _ _ _ _ _ _ _ _ _ _ _ _ _ _ _ _ _ \n\nself = <class 'unittestzero.Assert'>, first = u'App not yet reviewed'\nsecond = 'App not yet rated', msg = None\n\n    @classmethod\n    def equal(self, first, second, msg=None):\n        \"\"\"\n            Asserts that 2 elements are the same\n    \n            :Args:\n             - First object to be tested\n             - Second object to be tested\n             - Message that will be printed if it fails\n            \"\"\"\n>       assert first == second, msg\nE       AssertionError: None\n\n.env/lib/python2.7/site-packages/unittestzero.py:55: AssertionError"}], "passed": [], "test_name": "test_reviews_section"}, {"skipped": {"jobs": ["marketplace.dev.mobile.saucelabs", "marketplace.prod.mobile.saucelabs", "marketplace.stage.mobile.saucelabs"], "result": "skipped", "detail": "condition: True: /Users/Shared/Jenkins/Home/jobs/marketplace.dev.mobile.saucelabs/workspace/.env/lib/python2.7/site-packages/_pytest/skipping.py:120: Skipped: condition: True"}, "all_passed": true, "environments": ["dev", "prod", "stage"], "path_to_result": "tests.mobile.test_search/TestSearch/test_that_verifies_the_search_suggestions_list_under_the_search_field/", "failed": [], "passed": [], "test_name": "test_that_verifies_the_search_suggestions_list_under_the_search_field"}]}, {"group": "Firefox OS", "test_results": [{"skipped": {}, "all_passed": true, "environments": ["unknown"], "path_to_result": "test_marketplace_add_review/TestMarketplaceAddReview/test_add_review/", "failed": [], "passed": ["b2g.hamachi.mozilla-b2g28_v1_3.v1.3.marketplace"], "test_name": "test_add_review"}, {"skipped": {"jobs": ["b2g.hamachi.mozilla-b2g28_v1_3.v1.3.marketplace"], "result": "skipped", "detail": "test skipped: Traceback (most recent call last):\n  File \"/var/jenkins/workspace/b2g.hamachi.mozilla-b2g28_v1_3.v1.3.marketplace/.env/local/lib/python2.7/site-packages/marionette_client_mozilla_b2g28_v1_3-0.2-py2.7.egg/marionette/marionette_test.py\", line 158, in run\n    testMethod()\n  File \"/var/jenkins/workspace/b2g.hamachi.mozilla-b2g28_v1_3.v1.3.marketplace/marketplacetests/tests/test_marketplace_search_and_install_app.py\", line 27, in test_search_and_install_app\n    self.app_name = marketplace.popular_apps[0].name\n  File \"/var/jenkins/workspace/b2g.hamachi.mozilla-b2g28_v1_3.v1.3.marketplace/marketplacetests/marketplace/app.py\", line 87, in popular_apps\n    self.show_popular_apps()\n  File \"/var/jenkins/workspace/b2g.hamachi.mozilla-b2g28_v1_3.v1.3.marketplace/marketplacetests/marketplace/app.py\", line 128, in show_popular_apps\n    self.marionette.find_element(*self._popular_apps_tab_locator).tap()\n  File \"/var/jenkins/workspace/b2g.hamachi.mozilla-b2g28_v1_3.v1.3.marketplace/.env/local/lib/python2.7/site-packages/marionette_client_mozilla_b2g28_v1_3-0.2-py2.7.egg/marionette/marionette.py\", line 1183, in find_element\n    response = self._send_message('findElement', 'value', **kwargs)\n  File \"/var/jenkins/workspace/b2g.hamachi.mozilla-b2g28_v1_3.v1.3.marketplace/.env/local/lib/python2.7/site-packages/marionette_client_mozilla_b2g28_v1_3-0.2-py2.7.egg/marionette/marionette.py\", line 612, in _send_message\n    self._handle_error(response)\n  File \"/var/jenkins/workspace/b2g.hamachi.mozilla-b2g28_v1_3.v1.3.marketplace/.env/local/lib/python2.7/site-packages/marionette_client_mozilla_b2g28_v1_3-0.2-py2.7.egg/marionette/marionette.py\", line 633, in _handle_error\n    raise NoSuchElementException(message=message, status=status, stacktrace=stacktrace)\nNoSuchElementException: NoSuchElementException: Unable to locate element: #gallery .tabs a:nth-child(1)\n"}, "all_passed": true, "environments": ["unknown"], "path_to_result": "test_marketplace_search_and_install_app/TestSearchMarketplaceAndInstallApp/test_search_and_install_app/", "failed": [], "passed": [], "test_name": "test_search_and_install_app"}, {"skipped": {}, "all_passed": true, "environments": ["unknown"], "path_to_result": "test_marketplace_feedback_login/TestMarketplaceFeedback/test_marketplace_feedback_user/", "failed": [], "passed": ["b2g.hamachi.mozilla-b2g28_v1_3.v1.3.marketplace"], "test_name": "test_marketplace_feedback_user"}, {"skipped": {}, "all_passed": true, "environments": ["unknown"], "path_to_result": "test_marketplace_feedback_anonymous/TestMarketplaceFeedback/test_marketplace_feedback_anonymous/", "failed": [], "passed": ["b2g.hamachi.mozilla-b2g28_v1_3.v1.3.marketplace"], "test_name": "test_marketplace_feedback_anonymous"}, {"skipped": {}, "all_passed": true, "environments": ["unknown"], "path_to_result": "test_marketplace_login/TestMarketplaceLogin/test_login_marketplace/", "failed": [], "passed": ["b2g.hamachi.mozilla-b2g28_v1_3.v1.3.marketplace"], "test_name": "test_login_marketplace"}, {"skipped": {}, "all_passed": true, "environments": ["unknown"], "path_to_result": "test_marketplace_without_connectivity/TestMarketplaceWithoutConnectivity/test_marketplace_without_connectivity/", "failed": [], "passed": ["b2g.hamachi.mozilla-b2g28_v1_3.v1.3.marketplace"], "test_name": "test_marketplace_without_connectivity"}, {"skipped": {"jobs": ["b2g.hamachi.mozilla-b2g28_v1_3.v1.3.marketplace"], "result": "skipped", "detail": "test skipped: Traceback (most recent call last):\n  File \"/var/jenkins/workspace/b2g.hamachi.mozilla-b2g28_v1_3.v1.3.marketplace/.env/local/lib/python2.7/site-packages/marionette_client_mozilla_b2g28_v1_3-0.2-py2.7.egg/marionette/marionette_test.py\", line 158, in run\n    testMethod()\n  File \"/var/jenkins/workspace/b2g.hamachi.mozilla-b2g28_v1_3.v1.3.marketplace/marketplacetests/tests/test_marketplace_purchase_app.py\", line 35, in test_purchase_app\n    payment.create_pin(PIN)\n  File \"/var/jenkins/workspace/b2g.hamachi.mozilla-b2g28_v1_3.v1.3.marketplace/marketplacetests/payment/app.py\", line 41, in create_pin\n    self.wait_for_element_displayed(*self._create_pin_form_locator)\n  File \"/var/jenkins/workspace/b2g.hamachi.mozilla-b2g28_v1_3.v1.3.marketplace/.env/local/lib/python2.7/site-packages/gaiatest_v1.3-0.2-py2.7.egg/gaiatest/apps/base.py\", line 69, in wait_for_element_displayed\n    raise TimeoutException('Element %s not present before timeout' % locator)\nTimeoutException: TimeoutException: Element form[action=\"/mozpay/pin/create\"] not present before timeout\n"}, "all_passed": true, "environments": ["unknown"], "path_to_result": "test_marketplace_purchase_app/TestMarketplacePurchaseApp/test_purchase_app/", "failed": [], "passed": [], "test_name": "test_purchase_app"}, {"skipped": {}, "all_passed": true, "environments": ["unknown"], "path_to_result": "test_marketplace_search_for_paid_app/TestSearchMarketplacePaidApp/test_search_paid_app/", "failed": [], "passed": ["b2g.hamachi.mozilla-b2g28_v1_3.v1.3.marketplace"], "test_name": "test_search_paid_app"}, {"skipped": {"jobs": ["b2g.hamachi.mozilla-b2g28_v1_3.v1.3.marketplace"], "result": "skipped", "detail": "test skipped: Traceback (most recent call last):\n  File \"/var/jenkins/workspace/b2g.hamachi.mozilla-b2g28_v1_3.v1.3.marketplace/.env/local/lib/python2.7/site-packages/marionette_client_mozilla_b2g28_v1_3-0.2-py2.7.egg/marionette/marionette_test.py\", line 158, in run\n    testMethod()\n  File \"/var/jenkins/workspace/b2g.hamachi.mozilla-b2g28_v1_3.v1.3.marketplace/marketplacetests/tests/test_marketplace_create_confirm_pin.py\", line 34, in test_create_confirm_pin\n    payment.create_pin(PIN)\n  File \"/var/jenkins/workspace/b2g.hamachi.mozilla-b2g28_v1_3.v1.3.marketplace/marketplacetests/payment/app.py\", line 41, in create_pin\n    self.wait_for_element_displayed(*self._create_pin_form_locator)\n  File \"/var/jenkins/workspace/b2g.hamachi.mozilla-b2g28_v1_3.v1.3.marketplace/.env/local/lib/python2.7/site-packages/gaiatest_v1.3-0.2-py2.7.egg/gaiatest/apps/base.py\", line 69, in wait_for_element_displayed\n    raise TimeoutException('Element %s not present before timeout' % locator)\nTimeoutException: TimeoutException: Element form[action=\"/mozpay/pin/create\"] not present before timeout\n"}, "all_passed": true, "environments": ["unknown"], "path_to_result": "test_marketplace_create_confirm_pin/TestMarketplaceCreateConfirmPin/test_create_confirm_pin/", "failed": [], "passed": [], "test_name": "test_create_confirm_pin"}]}, {"group": "Desktop", "test_results": [{"skipped": {}, "all_passed": true, "environments": ["dev", "prod", "stage"], "path_to_result": "tests.desktop.consumer_pages.test_details_page/TestDetailsPage/test_that_application_page_contains_proper_objects/", "failed": [], "passed": ["marketplace.dev.saucelabs", "marketplace.prod", "marketplace.stage.saucelabs", "marketplace.prod.saucelabs"], "test_name": "test_that_application_page_contains_proper_objects"}, {"skipped": {}, "all_passed": true, "environments": ["dev", "prod", "stage"], "path_to_result": "tests.desktop.consumer_pages.test_search/TestSearching/test_that_the_search_tag_is_present_in_the_search_results/", "failed": [], "passed": ["marketplace.dev.saucelabs", "marketplace.prod", "marketplace.stage.saucelabs", "marketplace.prod.saucelabs"], "test_name": "test_that_the_search_tag_is_present_in_the_search_results"}, {"skipped": {}, "all_passed": true, "environments": ["stage", "dev"], "path_to_result": "tests.desktop.developer_hub.test_developer_hub/TestDeveloperHub/test_that_checks_apps_are_sorted_by_date/", "failed": [], "passed": ["marketplace.stage.developer_hub.saucelabs", "marketplace.dev.developer_hub", "marketplace.dev.developer_hub.saucelabs"], "test_name": "test_that_checks_apps_are_sorted_by_date"}, {"skipped": {}, "all_passed": true, "environments": ["stage", "dev"], "path_to_result": "tests.desktop.developer_hub.test_developer_hub/TestDeveloperHub/test_that_checks_editing_basic_info_for_a_free_app/", "failed": [], "passed": ["marketplace.stage.developer_hub.saucelabs", "marketplace.dev.developer_hub", "marketplace.dev.developer_hub.saucelabs"], "test_name": "test_that_checks_editing_basic_info_for_a_free_app"}, {"skipped": {"jobs": ["marketplace.dev.saucelabs", "marketplace.stage.saucelabs"], "result": "skipped", "detail": "We currently don't have the option for changing the language in Fireplace: /Users/Shared/Jenkins/Home/jobs/marketplace.dev.saucelabs/workspace/tests/desktop/consumer_pages/test_users_account.py:76: Skipped: We currently don't have the option for changing the language in Fireplace"}, "all_passed": true, "environments": ["dev", "stage"], "path_to_result": "tests.desktop.consumer_pages.test_users_account/TestAccounts/test_that_checks_changing_language/", "failed": [], "passed": [], "test_name": "test_that_checks_changing_language"}, {"skipped": {}, "all_passed": true, "environments": ["dev", "prod", "stage"], "path_to_result": "tests.desktop.consumer_pages.test_details_page/TestDetailsPage/test_clicking_on_content_rating/", "failed": [], "passed": ["marketplace.dev.saucelabs", "marketplace.prod", "marketplace.stage.saucelabs", "marketplace.prod.saucelabs"], "test_name": "test_clicking_on_content_rating"}, {"skipped": {}, "all_passed": true, "environments": ["dev", "prod", "stage"], "path_to_result": "tests.desktop.consumer_pages.test_consumers_page/TestConsumerPage/test_opening_every_category_page_from_categories_menu/", "failed": [], "passed": ["marketplace.dev.saucelabs", "marketplace.prod", "marketplace.stage.saucelabs", "marketplace.prod.saucelabs"], "test_name": "test_opening_every_category_page_from_categories_menu"}, {"skipped": {}, "all_passed": true, "environments": ["dev", "stage"], "path_to_result": "tests.desktop.consumer_pages.test_users_account/TestAccounts/test_editing_user_profile/", "failed": [], "passed": ["marketplace.dev.saucelabs", "marketplace.stage.saucelabs"], "test_name": "test_editing_user_profile"}, {"skipped": {}, "all_passed": true, "environments": ["stage", "dev"], "path_to_result": "tests.desktop.developer_hub.test_developer_hub_submit_apps/TestDeveloperHubSubmitApps/test_hosted_app_submission/", "failed": [], "passed": ["marketplace.stage.developer_hub.saucelabs", "marketplace.dev.developer_hub", "marketplace.dev.developer_hub.saucelabs"], "test_name": "test_hosted_app_submission"}, {"skipped": {}, "all_passed": true, "environments": ["dev", "prod", "stage"], "path_to_result": "tests.desktop.consumer_pages.test_users_account/TestAccounts/test_user_can_sign_in_and_sign_out_in_consumer_pages/", "failed": [], "passed": ["marketplace.dev.saucelabs", "marketplace.prod", "marketplace.stage.saucelabs", "marketplace.prod.saucelabs"], "test_name": "test_user_can_sign_in_and_sign_out_in_consumer_pages"}, {"skipped": {}, "all_passed": true, "environments": ["dev", "stage"], "path_to_result": "tests.desktop.consumer_pages.test_details_page/TestDetailsPage/test_that_reports_abuse_as_anonymous_user/", "failed": [], "passed": ["marketplace.dev.saucelabs", "marketplace.stage.saucelabs"], "test_name": "test_that_reports_abuse_as_anonymous_user"}, {"skipped": {}, "all_passed": true, "environments": ["stage", "dev"], "path_to_result": "tests.desktop.developer_hub.test_api_submit/TestAPI/test_assert_that_a_app_can_be_added_and_deleted_via_the_api/", "failed": [], "passed": ["marketplace.stage.developer_hub.saucelabs", "marketplace.dev.developer_hub", "marketplace.dev.developer_hub.saucelabs"], "test_name": "test_assert_that_a_app_can_be_added_and_deleted_via_the_api"}, {"skipped": {}, "all_passed": true, "environments": ["dev", "prod", "stage"], "path_to_result": "tests.desktop.consumer_pages.test_consumers_page/TestConsumerPage/test_that_header_has_expected_items/", "failed": [], "passed": ["marketplace.dev.saucelabs", "marketplace.prod", "marketplace.stage.saucelabs", "marketplace.prod.saucelabs"], "test_name": "test_that_header_has_expected_items"}, {"skipped": {}, "all_passed": true, "environments": ["stage", "dev"], "path_to_result": "tests.desktop.developer_hub.test_developer_hub/TestDeveloperHub/test_that_a_screenshot_cannot_be_added_via_an_invalid_file_format/", "failed": [], "passed": ["marketplace.stage.developer_hub.saucelabs", "marketplace.dev.developer_hub", "marketplace.dev.developer_hub.saucelabs"], "test_name": "test_that_a_screenshot_cannot_be_added_via_an_invalid_file_format"}, {"skipped": {"jobs": ["marketplace.dev.saucelabs", "marketplace.stage.saucelabs"], "result": "skipped", "detail": "Purchase app option is currently not available for desktop environment: /Users/Shared/Jenkins/Home/jobs/marketplace.dev.saucelabs/workspace/.env/lib/python2.7/site-packages/_pytest/skipping.py:120: Skipped: Purchase app option is currently not available for desktop environment"}, "all_passed": true, "environments": ["dev", "stage"], "path_to_result": "tests.desktop.consumer_pages.test_purchase_app/TestPurchaseApp/test_that_purchases_an_app_without_pre_auth_and_requests_a_refund/", "failed": [], "passed": [], "test_name": "test_that_purchases_an_app_without_pre_auth_and_requests_a_refund"}, {"skipped": {}, "all_passed": true, "environments": ["dev", "stage"], "path_to_result": "tests.desktop.consumer_pages.test_reviews/TestReviews/test_that_checks_the_deletion_of_a_review/", "failed": [], "passed": ["marketplace.dev.saucelabs", "marketplace.stage.saucelabs"], "test_name": "test_that_checks_the_deletion_of_a_review"}, {"skipped": {}, "all_passed": true, "environments": ["stage", "dev"], "path_to_result": "tests.desktop.developer_hub.test_developer_hub/TestDeveloperHub/test_that_checks_editing_support_information_for_a_free_app/", "failed": [], "passed": ["marketplace.stage.developer_hub.saucelabs", "marketplace.dev.developer_hub", "marketplace.dev.developer_hub.saucelabs"], "test_name": "test_that_checks_editing_support_information_for_a_free_app"}, {"skipped": {}, "all_passed": true, "environments": ["dev", "stage"], "path_to_result": "tests.desktop.consumer_pages.test_reviews/TestReviews/test_that_checks_the_editing_of_a_review/", "failed": [], "passed": ["marketplace.dev.saucelabs", "marketplace.stage.saucelabs"], "test_name": "test_that_checks_the_editing_of_a_review"}, {"skipped": {}, "all_passed": true, "environments": ["stage", "dev"], "path_to_result": "tests.desktop.developer_hub.test_developer_hub/TestDeveloperHub/test_that_deletes_app/", "failed": [], "passed": ["marketplace.stage.developer_hub.saucelabs", "marketplace.dev.developer_hub", "marketplace.dev.developer_hub.saucelabs"], "test_name": "test_that_deletes_app"}, {"skipped": {}, "all_passed": true, "environments": ["stage", "dev"], "path_to_result": "tests.desktop.developer_hub.test_developer_hub/TestDeveloperHub/test_that_checks_required_field_validations_on_basic_info_for_a_free_app/", "failed": [], "passed": ["marketplace.stage.developer_hub.saucelabs", "marketplace.dev.developer_hub", "marketplace.dev.developer_hub.saucelabs"], "test_name": "test_that_checks_required_field_validations_on_basic_info_for_a_free_app"}, {"skipped": {"jobs": ["marketplace.dev.developer_hub", "marketplace.dev.developer_hub.saucelabs"], "result": "skipped", "detail": "expected test failure: Bug 977084 - Problems with screenshot previews on the Edit Listing page"}, "all_passed": false, "environments": ["stage", "dev"], "path_to_result": "tests.desktop.developer_hub.test_developer_hub/TestDeveloperHub/test_that_a_screenshot_can_be_added/", "failed": [{"jobs": ["marketplace.stage.developer_hub.saucelabs"], "result": "failure", "detail": "test failure: self = <tests.desktop.developer_hub.test_developer_hub.TestDeveloperHub instance at 0x108a1f290>\nmozwebqa_devhub_logged_in = <pytest_mozwebqa.pytest_mozwebqa.TestSetup instance at 0x1079cf6c8>\nfree_app = {'submission_id': 'Subm-381', 'last_name': 'test', 'pitch_app': '', 'device_ty...fest.webapp', 'make_public': True, 'upsell': False, 'security_code': 'M58DLUJ'}\n\n    @pytest.mark.credentials\n    @pytest.mark.xfail(\"'-dev.allizom' in config.getvalue('base_url')\",\n                       reason='Bug 977084 - Problems with screenshot previews on the Edit Listing page')\n    def test_that_a_screenshot_can_be_added(self, mozwebqa_devhub_logged_in, free_app):\n        \"\"\"Test the happy path for adding a screenshot for a free submitted app.\"\"\"\n    \n        edit_listing = self._go_to_edit_listing_page(mozwebqa_devhub_logged_in, free_app)\n        before_screenshots_count = len(edit_listing.screenshots_previews)\n    \n        # bring up the media form for the first free app\n        media_region = edit_listing.click_edit_media()\n        screenshots_count = len(media_region.screenshots)\n    \n        # upload a new screenshot\n        media_region.screenshot_upload(self._get_resource_path('img.jpg'))\n    \n        # check that the screenshot list is updated\n        new_screenshots_count = len(media_region.screenshots)\n        Assert.equal(screenshots_count + 1, new_screenshots_count,\n>                    'Expected %s screenshots, but there are %s.' % (screenshots_count + 1, new_screenshots_count))\n\ntests/desktop/developer_hub/test_developer_hub.py:142: \n_ _ _ _ _ _ _ _ _ _ _ _ _ _ _ _ _ _ _ _ _ _ _ _ _ _ _ _ _ _ _ _ _ _ _ _ _ _ _ _ \n\nself = <class 'unittestzero.Assert'>, first = 1, second = 0\nmsg = 'Expected 1 screenshots, but there are 0.'\n\n    @classmethod\n    def equal(self, first, second, msg=None):\n        \"\"\"\n            Asserts that 2 elements are the same\n    \n            :Args:\n             - First object to be tested\n             - Second object to be tested\n             - Message that will be printed if it fails\n            \"\"\"\n>       assert first == second, msg\nE       AssertionError: Expected 1 screenshots, but there are 0.\n\n.env/lib/python2.7/site-packages/unittestzero.py:55: AssertionError"}], "passed": [], "test_name": "test_that_a_screenshot_can_be_added"}, {"skipped": {}, "all_passed": true, "environments": ["dev", "prod", "stage"], "path_to_result": "tests.desktop.consumer_pages.test_search/TestSearching/test_that_checks_search_with_foreign_characters/", "failed": [], "passed": ["marketplace.dev.saucelabs", "marketplace.prod", "marketplace.stage.saucelabs", "marketplace.prod.saucelabs"], "test_name": "test_that_checks_search_with_foreign_characters"}, {"skipped": {}, "all_passed": true, "environments": ["dev", "stage"], "path_to_result": "tests.desktop.consumer_pages.test_users_account/TestAccounts/test_create_new_user/", "failed": [], "passed": ["marketplace.dev.saucelabs", "marketplace.stage.saucelabs"], "test_name": "test_create_new_user"}, {"skipped": {}, "all_passed": true, "environments": ["stage", "dev"], "path_to_result": "tests.desktop.developer_hub.test_developer_hub/TestDeveloperHub/test_that_checks_required_field_validations_on_device_types_for_hosted_apps/", "failed": [], "passed": ["marketplace.stage.developer_hub.saucelabs", "marketplace.dev.developer_hub", "marketplace.dev.developer_hub.saucelabs"], "test_name": "test_that_checks_required_field_validations_on_device_types_for_hosted_apps"}, {"skipped": {}, "all_passed": true, "environments": ["dev", "prod", "stage"], "path_to_result": "tests.desktop.consumer_pages.test_search/TestSearching/test_that_searching_with_empty_field_using_submit_returns_results/", "failed": [], "passed": ["marketplace.dev.saucelabs", "marketplace.prod", "marketplace.stage.saucelabs", "marketplace.prod.saucelabs"], "test_name": "test_that_searching_with_empty_field_using_submit_returns_results"}, {"skipped": {"jobs": ["marketplace.dev.saucelabs", "marketplace.prod", "marketplace.stage.saucelabs", "marketplace.prod.saucelabs"], "result": "skipped", "detail": "Sort not available yet.: /Users/Shared/Jenkins/Home/jobs/marketplace.dev.saucelabs/workspace/.env/lib/python2.7/site-packages/_pytest/skipping.py:120: Skipped: Sort not available yet."}, "all_passed": true, "environments": ["dev", "prod", "stage"], "path_to_result": "tests.desktop.consumer_pages.test_search/TestSearching/test_that_verifies_the_sort_region_from_search_results[Rating]/", "failed": [], "passed": [], "test_name": "test_that_verifies_the_sort_region_from_search_results[Rating]"}, {"skipped": {}, "all_passed": true, "environments": ["dev", "stage"], "path_to_result": "tests.desktop.consumer_pages.test_details_page/TestDetailsPage/test_that_reports_abuse_as_signed_in_user/", "failed": [], "passed": ["marketplace.dev.saucelabs", "marketplace.stage.saucelabs"], "test_name": "test_that_reports_abuse_as_signed_in_user"}, {"skipped": {}, "all_passed": true, "environments": ["stage", "dev"], "path_to_result": "tests.desktop.developer_hub.test_developer_hub/TestDeveloperHub/test_that_an_icon_cannot_be_added_via_an_invalid_file_format/", "failed": [], "passed": ["marketplace.stage.developer_hub.saucelabs", "marketplace.dev.developer_hub", "marketplace.dev.developer_hub.saucelabs"], "test_name": "test_that_an_icon_cannot_be_added_via_an_invalid_file_format"}, {"skipped": {}, "all_passed": true, "environments": ["dev", "stage"], "path_to_result": "tests.desktop.consumer_pages.test_reviews/TestReviews/test_that_checks_the_addition_of_a_review/", "failed": [], "passed": ["marketplace.dev.saucelabs", "marketplace.stage.saucelabs"], "test_name": "test_that_checks_the_addition_of_a_review"}, {"skipped": {}, "all_passed": true, "environments": ["stage", "dev"], "path_to_result": "tests.desktop.developer_hub.test_developer_hub_submit_apps/TestDeveloperHubSubmitApps/test_packaged_app_submission/", "failed": [], "passed": ["marketplace.stage.developer_hub.saucelabs", "marketplace.dev.developer_hub", "marketplace.dev.developer_hub.saucelabs"], "test_name": "test_packaged_app_submission"}, {"skipped": {}, "all_passed": true, "environments": ["dev", "prod", "stage"], "path_to_result": "tests.desktop.consumer_pages.test_consumers_page/TestConsumerPage/test_that_verifies_nav_menu_tabs/", "failed": [], "passed": ["marketplace.dev.saucelabs", "marketplace.prod", "marketplace.stage.saucelabs", "marketplace.prod.saucelabs"], "test_name": "test_that_verifies_nav_menu_tabs"}, {"skipped": {}, "all_passed": true, "environments": ["dev", "prod", "stage"], "path_to_result": "tests.desktop.consumer_pages.test_consumers_page/TestConsumerPage/test_that_verifies_categories_menu/", "failed": [], "passed": ["marketplace.dev.saucelabs", "marketplace.prod", "marketplace.stage.saucelabs", "marketplace.prod.saucelabs"], "test_name": "test_that_verifies_categories_menu"}, {"skipped": {"jobs": ["marketplace.dev.saucelabs", "marketplace.prod", "marketplace.stage.saucelabs", "marketplace.prod.saucelabs"], "result": "skipped", "detail": "Sort not available yet.: /Users/Shared/Jenkins/Home/jobs/marketplace.dev.saucelabs/workspace/.env/lib/python2.7/site-packages/_pytest/skipping.py:120: Skipped: Sort not available yet."}, "all_passed": true, "environments": ["dev", "prod", "stage"], "path_to_result": "tests.desktop.consumer_pages.test_search/TestSearching/test_that_verifies_the_sort_region_from_search_results[Relevancy]/", "failed": [], "passed": [], "test_name": "test_that_verifies_the_sort_region_from_search_results[Relevancy]"}, {"skipped": {}, "all_passed": true, "environments": ["stage", "dev"], "path_to_result": "tests.desktop.developer_hub.test_developer_hub/TestDeveloperHub/test_that_checks_apps_are_sorted_by_name/", "failed": [], "passed": ["marketplace.stage.developer_hub.saucelabs", "marketplace.dev.developer_hub", "marketplace.dev.developer_hub.saucelabs"], "test_name": "test_that_checks_apps_are_sorted_by_name"}, {"skipped": {"jobs": ["marketplace.dev.developer_hub", "marketplace.dev.developer_hub.saucelabs"], "result": "skipped", "detail": "expected test failure: Bug 1053754 - [dev] traceback on setting up payments account for an app"}, "all_passed": true, "environments": ["stage", "dev"], "path_to_result": "tests.desktop.developer_hub.test_developer_hub_submit_apps/TestDeveloperHubSubmitApps/test_hosted_paid_app_submission/", "failed": [], "passed": ["marketplace.stage.developer_hub.saucelabs"], "test_name": "test_hosted_paid_app_submission"}, {"skipped": {"jobs": ["marketplace.dev.saucelabs", "marketplace.prod", "marketplace.stage.saucelabs", "marketplace.prod.saucelabs"], "result": "skipped", "detail": "Search suggestions not available yet.: /Users/Shared/Jenkins/Home/jobs/marketplace.dev.saucelabs/workspace/.env/lib/python2.7/site-packages/_pytest/skipping.py:120: Skipped: Search suggestions not available yet."}, "all_passed": true, "environments": ["dev", "prod", "stage"], "path_to_result": "tests.desktop.consumer_pages.test_search/TestSearching/test_that_verifies_the_search_suggestions_list_under_the_search_field/", "failed": [], "passed": [], "test_name": "test_that_verifies_the_search_suggestions_list_under_the_search_field"}]}]}